<?xml version="1.0" encoding="UTF-8"?>
<!-- Generated by org.testng.reporters.JUnitReportReporter -->
<testsuite hostname="LAPTOP-I7B9QOJ6" failures="0" tests="1" name="com.automation.tests.LoginTests" time="19.462" errors="0" timestamp="2024-11-03T01:56:18 GMT-04:00" skipped="0">
  <testcase classname="com.automation.tests.LoginTests" name="login_Error_Message" time="19.462"/>
</testsuite> <!-- com.automation.tests.LoginTests -->
