<?xml version="1.0" encoding="UTF-8"?>
<!-- Generated by org.testng.reporters.JUnitReportReporter -->
<testsuite hostname="LAPTOP-I7B9QOJ6" failures="0" tests="1" name="com.automation.tests.ContactsTests" time="28.668" errors="0" timestamp="2024-12-12T04:10:31 GMT-05:00" skipped="0">
  <testcase classname="com.automation.tests.ContactsTests" name="checkNewAndSaveButton" time="28.668"/>
</testsuite> <!-- com.automation.tests.ContactsTests -->
