<?xml version="1.0" encoding="UTF-8"?>
<!-- Generated by org.testng.reporters.JUnitReportReporter -->
<testsuite hostname="LAPTOP-I7B9QOJ6" failures="0" tests="3" name="examples.LogTests" time="0.054" errors="0" timestamp="2024-11-03T01:06:05 GMT-05:00" skipped="0">
  <testcase classname="examples.LogTests" name="test2" time="0.003"/>
  <testcase classname="examples.LogTests" name="test3" time="0.006"/>
  <testcase classname="examples.LogTests" name="test1" time="0.045"/>
</testsuite> <!-- examples.LogTests -->
